{"/Users/limitlessloop/Repos/fiber-tokens/mole.config.js": {"path":"/Users/limitlessloop/Repos/fiber-tokens/mole.config.js","statementMap":{"0":{"start":{"line":1,"column":0},"end":{"line":10,"column":1}}},"fnMap":{},"branchMap":{},"s":{"0":2},"f":{},"b":{},"_coverageSchema":"43e27e138ebf9cfc5966b082cf9a028302ed4184","hash":"4f57fbbc0399df3d6006fb13c346b9ccfa6e2cfb"}
,"/Users/limitlessloop/Repos/fiber-tokens/src/lib/Config.js": {"path":"/Users/limitlessloop/Repos/fiber-tokens/src/lib/Config.js","statementMap":{"0":{"start":{"line":3,"column":2},"end":{"line":3,"column":32}},"1":{"start":{"line":7,"column":15},"end":{"line":7,"column":54}},"2":{"start":{"line":16,"column":2},"end":{"line":18,"column":3}},"3":{"start":{"line":17,"column":2},"end":{"line":17,"column":53}},"4":{"start":{"line":19,"column":1},"end":{"line":19,"column":14}},"5":{"start":{"line":23,"column":1},"end":{"line":23,"column":46}}},"fnMap":{"0":{"name":"(anonymous_0)","decl":{"start":{"line":2,"column":1},"end":{"line":2,"column":2}},"loc":{"start":{"line":2,"column":15},"end":{"line":4,"column":2}},"line":2},"1":{"name":"normaliseConfig","decl":{"start":{"line":9,"column":9},"end":{"line":9,"column":24}},"loc":{"start":{"line":9,"column":33},"end":{"line":20,"column":1}},"line":9},"2":{"name":"(anonymous_2)","decl":{"start":{"line":16,"column":42},"end":{"line":16,"column":43}},"loc":{"start":{"line":16,"column":60},"end":{"line":18,"column":2}},"line":16},"3":{"name":"putValuesInArray","decl":{"start":{"line":22,"column":9},"end":{"line":22,"column":25}},"loc":{"start":{"line":22,"column":33},"end":{"line":24,"column":1}},"line":22}},"branchMap":{"0":{"loc":{"start":{"line":23,"column":8},"end":{"line":23,"column":46}},"type":"cond-expr","locations":[{"start":{"line":23,"column":31},"end":{"line":23,"column":36}},{"start":{"line":23,"column":39},"end":{"line":23,"column":46}}],"line":23}},"s":{"0":0,"1":2,"2":1,"3":3,"4":1,"5":4},"f":{"0":0,"1":1,"2":3,"3":4},"b":{"0":[0,4]},"_coverageSchema":"43e27e138ebf9cfc5966b082cf9a028302ed4184","hash":"ed70ab370109614894f97ccaaba282b192713f7c"}
,"/Users/limitlessloop/Repos/fiber-tokens/src/lib/Output.js": {"path":"/Users/limitlessloop/Repos/fiber-tokens/src/lib/Output.js","statementMap":{"0":{"start":{"line":16,"column":2},"end":{"line":16,"column":25}},"1":{"start":{"line":17,"column":2},"end":{"line":17,"column":48}},"2":{"start":{"line":18,"column":2},"end":{"line":18,"column":42}},"3":{"start":{"line":19,"column":2},"end":{"line":19,"column":38}},"4":{"start":{"line":22,"column":2},"end":{"line":38,"column":3}},"5":{"start":{"line":23,"column":3},"end":{"line":37,"column":4}},"6":{"start":{"line":24,"column":4},"end":{"line":36,"column":5}},"7":{"start":{"line":27,"column":6},"end":{"line":27,"column":39}},"8":{"start":{"line":30,"column":6},"end":{"line":30,"column":40}},"9":{"start":{"line":33,"column":6},"end":{"line":33,"column":42}},"10":{"start":{"line":47,"column":1},"end":{"line":51,"column":2}},"11":{"start":{"line":48,"column":2},"end":{"line":50,"column":3}},"12":{"start":{"line":49,"column":3},"end":{"line":49,"column":38}}},"fnMap":{"0":{"name":"(anonymous_0)","decl":{"start":{"line":15,"column":1},"end":{"line":15,"column":2}},"loc":{"start":{"line":15,"column":21},"end":{"line":20,"column":2}},"line":15},"1":{"name":"(anonymous_1)","decl":{"start":{"line":21,"column":1},"end":{"line":21,"column":2}},"loc":{"start":{"line":21,"column":26},"end":{"line":39,"column":2}},"line":21},"2":{"name":"getDirContent","decl":{"start":{"line":42,"column":9},"end":{"line":42,"column":22}},"loc":{"start":{"line":42,"column":25},"end":{"line":42,"column":27}},"line":42},"3":{"name":"getFileContent","decl":{"start":{"line":44,"column":9},"end":{"line":44,"column":23}},"loc":{"start":{"line":44,"column":26},"end":{"line":44,"column":28}},"line":44},"4":{"name":"getPluginContent","decl":{"start":{"line":46,"column":9},"end":{"line":46,"column":25}},"loc":{"start":{"line":46,"column":39},"end":{"line":52,"column":1}},"line":46}},"branchMap":{"0":{"loc":{"start":{"line":22,"column":2},"end":{"line":38,"column":3}},"type":"if","locations":[{"start":{"line":22,"column":2},"end":{"line":38,"column":3}},{"start":{"line":22,"column":2},"end":{"line":38,"column":3}}],"line":22},"1":{"loc":{"start":{"line":24,"column":4},"end":{"line":36,"column":5}},"type":"switch","locations":[{"start":{"line":25,"column":5},"end":{"line":27,"column":39}},{"start":{"line":28,"column":5},"end":{"line":30,"column":40}},{"start":{"line":31,"column":5},"end":{"line":33,"column":42}},{"start":{"line":34,"column":5},"end":{"line":34,"column":13}}],"line":24},"2":{"loc":{"start":{"line":48,"column":2},"end":{"line":50,"column":3}},"type":"if","locations":[{"start":{"line":48,"column":2},"end":{"line":50,"column":3}},{"start":{"line":48,"column":2},"end":{"line":50,"column":3}}],"line":48},"3":{"loc":{"start":{"line":49,"column":10},"end":{"line":49,"column":38}},"type":"binary-expr","locations":[{"start":{"line":49,"column":10},"end":{"line":49,"column":23}},{"start":{"line":49,"column":27},"end":{"line":49,"column":38}}],"line":49}},"s":{"0":0,"1":0,"2":0,"3":0,"4":0,"5":0,"6":0,"7":0,"8":0,"9":0,"10":0,"11":0,"12":0},"f":{"0":0,"1":0,"2":0,"3":0,"4":0},"b":{"0":[0,0],"1":[0,0,0,0],"2":[0,0],"3":[0,0]},"_coverageSchema":"43e27e138ebf9cfc5966b082cf9a028302ed4184","hash":"afc2f7f21ac2a3567d0577ad0f3cb90cdbaef075"}
,"/Users/limitlessloop/Repos/fiber-tokens/src/lib/Outputs.js": {"path":"/Users/limitlessloop/Repos/fiber-tokens/src/lib/Outputs.js","statementMap":{"0":{"start":{"line":4,"column":0},"end":{"line":4,"column":22}},"1":{"start":{"line":8,"column":15},"end":{"line":8,"column":27}},"2":{"start":{"line":9,"column":2},"end":{"line":11,"column":4}},"3":{"start":{"line":10,"column":3},"end":{"line":10,"column":30}},"4":{"start":{"line":30,"column":1},"end":{"line":71,"column":3}},"5":{"start":{"line":33,"column":2},"end":{"line":35,"column":3}},"6":{"start":{"line":34,"column":3},"end":{"line":34,"column":34}},"7":{"start":{"line":39,"column":2},"end":{"line":43,"column":3}},"8":{"start":{"line":40,"column":3},"end":{"line":40,"column":23}},"9":{"start":{"line":41,"column":9},"end":{"line":43,"column":3}},"10":{"start":{"line":42,"column":3},"end":{"line":42,"column":26}},"11":{"start":{"line":47,"column":2},"end":{"line":51,"column":3}},"12":{"start":{"line":48,"column":3},"end":{"line":48,"column":29}},"13":{"start":{"line":49,"column":9},"end":{"line":51,"column":3}},"14":{"start":{"line":50,"column":3},"end":{"line":50,"column":29}},"15":{"start":{"line":55,"column":2},"end":{"line":65,"column":3}},"16":{"start":{"line":56,"column":3},"end":{"line":60,"column":4}},"17":{"start":{"line":57,"column":4},"end":{"line":57,"column":33}},"18":{"start":{"line":59,"column":4},"end":{"line":59,"column":20}},"19":{"start":{"line":61,"column":9},"end":{"line":65,"column":3}},"20":{"start":{"line":62,"column":3},"end":{"line":62,"column":19}},"21":{"start":{"line":64,"column":3},"end":{"line":64,"column":11}},"22":{"start":{"line":68,"column":13},"end":{"line":68,"column":24}},"23":{"start":{"line":70,"column":2},"end":{"line":70,"column":60}}},"fnMap":{"0":{"name":"(anonymous_0)","decl":{"start":{"line":7,"column":1},"end":{"line":7,"column":2}},"loc":{"start":{"line":7,"column":15},"end":{"line":12,"column":2}},"line":7},"1":{"name":"(anonymous_1)","decl":{"start":{"line":9,"column":38},"end":{"line":9,"column":39}},"loc":{"start":{"line":9,"column":48},"end":{"line":11,"column":3}},"line":9},"2":{"name":"normalise","decl":{"start":{"line":15,"column":9},"end":{"line":15,"column":18}},"loc":{"start":{"line":15,"column":28},"end":{"line":72,"column":1}},"line":15},"3":{"name":"(anonymous_3)","decl":{"start":{"line":30,"column":20},"end":{"line":30,"column":21}},"loc":{"start":{"line":30,"column":37},"end":{"line":71,"column":2}},"line":30}},"branchMap":{"0":{"loc":{"start":{"line":33,"column":2},"end":{"line":35,"column":3}},"type":"if","locations":[{"start":{"line":33,"column":2},"end":{"line":35,"column":3}},{"start":{"line":33,"column":2},"end":{"line":35,"column":3}}],"line":33},"1":{"loc":{"start":{"line":39,"column":2},"end":{"line":43,"column":3}},"type":"if","locations":[{"start":{"line":39,"column":2},"end":{"line":43,"column":3}},{"start":{"line":39,"column":2},"end":{"line":43,"column":3}}],"line":39},"2":{"loc":{"start":{"line":41,"column":9},"end":{"line":43,"column":3}},"type":"if","locations":[{"start":{"line":41,"column":9},"end":{"line":43,"column":3}},{"start":{"line":41,"column":9},"end":{"line":43,"column":3}}],"line":41},"3":{"loc":{"start":{"line":47,"column":2},"end":{"line":51,"column":3}},"type":"if","locations":[{"start":{"line":47,"column":2},"end":{"line":51,"column":3}},{"start":{"line":47,"column":2},"end":{"line":51,"column":3}}],"line":47},"4":{"loc":{"start":{"line":49,"column":9},"end":{"line":51,"column":3}},"type":"if","locations":[{"start":{"line":49,"column":9},"end":{"line":51,"column":3}},{"start":{"line":49,"column":9},"end":{"line":51,"column":3}}],"line":49},"5":{"loc":{"start":{"line":55,"column":2},"end":{"line":65,"column":3}},"type":"if","locations":[{"start":{"line":55,"column":2},"end":{"line":65,"column":3}},{"start":{"line":55,"column":2},"end":{"line":65,"column":3}}],"line":55},"6":{"loc":{"start":{"line":56,"column":3},"end":{"line":60,"column":4}},"type":"if","locations":[{"start":{"line":56,"column":3},"end":{"line":60,"column":4}},{"start":{"line":56,"column":3},"end":{"line":60,"column":4}}],"line":56},"7":{"loc":{"start":{"line":61,"column":9},"end":{"line":65,"column":3}},"type":"if","locations":[{"start":{"line":61,"column":9},"end":{"line":65,"column":3}},{"start":{"line":61,"column":9},"end":{"line":65,"column":3}}],"line":61}},"s":{"0":1,"1":0,"2":0,"3":0,"4":0,"5":0,"6":0,"7":0,"8":0,"9":0,"10":0,"11":0,"12":0,"13":0,"14":0,"15":0,"16":0,"17":0,"18":0,"19":0,"20":0,"21":0,"22":0,"23":0},"f":{"0":0,"1":0,"2":0,"3":0},"b":{"0":[0,0],"1":[0,0],"2":[0,0],"3":[0,0],"4":[0,0],"5":[0,0],"6":[0,0],"7":[0,0]},"_coverageSchema":"43e27e138ebf9cfc5966b082cf9a028302ed4184","hash":"707b8baf156440a71e63145eaeb05e83e39086e2"}
}
