TN:
SF:/Users/limitlessloop/Repos/fiber-tokens/mole.config.js
FNF:0
FNH:0
DA:1,2
LF:1
LH:1
BRF:0
BRH:0
end_of_record
TN:
SF:/Users/limitlessloop/Repos/fiber-tokens/src/lib/Config.js
FN:2,(anonymous_0)
FN:9,normaliseConfig
FN:16,(anonymous_2)
FN:22,putValuesInArray
FNF:4
FNH:3
FNDA:0,(anonymous_0)
FNDA:1,normaliseConfig
FNDA:3,(anonymous_2)
FNDA:4,putValuesInArray
DA:3,0
DA:7,2
DA:16,1
DA:17,3
DA:19,1
DA:23,4
LF:6
LH:5
BRDA:23,0,0,0
BRDA:23,0,1,4
BRF:2
BRH:1
end_of_record
TN:
SF:/Users/limitlessloop/Repos/fiber-tokens/src/lib/Output.js
FN:15,(anonymous_0)
FN:21,(anonymous_1)
FN:42,getDirContent
FN:44,getFileContent
FN:46,getPluginContent
FNF:5
FNH:0
FNDA:0,(anonymous_0)
FNDA:0,(anonymous_1)
FNDA:0,getDirContent
FNDA:0,getFileContent
FNDA:0,getPluginContent
DA:16,0
DA:17,0
DA:18,0
DA:19,0
DA:22,0
DA:23,0
DA:24,0
DA:27,0
DA:30,0
DA:33,0
DA:47,0
DA:48,0
DA:49,0
LF:13
LH:0
BRDA:22,0,0,0
BRDA:22,0,1,0
BRDA:24,1,0,0
BRDA:24,1,1,0
BRDA:24,1,2,0
BRDA:24,1,3,0
BRDA:48,2,0,0
BRDA:48,2,1,0
BRDA:49,3,0,0
BRDA:49,3,1,0
BRF:10
BRH:0
end_of_record
TN:
SF:/Users/limitlessloop/Repos/fiber-tokens/src/lib/Outputs.js
FN:7,(anonymous_0)
FN:9,(anonymous_1)
FN:15,normalise
FN:30,(anonymous_3)
FNF:4
FNH:0
FNDA:0,(anonymous_0)
FNDA:0,(anonymous_1)
FNDA:0,normalise
FNDA:0,(anonymous_3)
DA:4,1
DA:8,0
DA:9,0
DA:10,0
DA:30,0
DA:33,0
DA:34,0
DA:39,0
DA:40,0
DA:41,0
DA:42,0
DA:47,0
DA:48,0
DA:49,0
DA:50,0
DA:55,0
DA:56,0
DA:57,0
DA:59,0
DA:61,0
DA:62,0
DA:64,0
DA:68,0
DA:70,0
LF:24
LH:1
BRDA:33,0,0,0
BRDA:33,0,1,0
BRDA:39,1,0,0
BRDA:39,1,1,0
BRDA:41,2,0,0
BRDA:41,2,1,0
BRDA:47,3,0,0
BRDA:47,3,1,0
BRDA:49,4,0,0
BRDA:49,4,1,0
BRDA:55,5,0,0
BRDA:55,5,1,0
BRDA:56,6,0,0
BRDA:56,6,1,0
BRDA:61,7,0,0
BRDA:61,7,1,0
BRF:16
BRH:0
end_of_record
